<?xml version="1.0" encoding="UTF-8"?>
<testng-results ignored="0" total="2" passed="2" failed="0" skipped="0">
  <reporter-output>
  </reporter-output>
  <suite started-at="2024-01-03T21:19:00Z" name="Suite" finished-at="2024-01-03T21:19:34Z" duration-ms="33999">
    <groups>
    </groups>
    <test started-at="2024-01-03T21:19:00Z" name="Test" finished-at="2024-01-03T21:19:34Z" duration-ms="33999">
      <class name="testcases.LoginTest1">
        <test-method is-config="true" signature="SetUp()[pri:0, instance:testcases.LoginTest1@291caca8]" started-at="2024-01-03T21:19:00Z" name="SetUp" finished-at="2024-01-03T21:19:07Z" duration-ms="7449" status="PASS">
          <reporter-output>
          </reporter-output>
        </test-method> <!-- SetUp -->
        <test-method signature="LoginFailureTest()[pri:0, instance:testcases.LoginTest1@291caca8]" started-at="2024-01-03T21:19:07Z" name="LoginFailureTest" finished-at="2024-01-03T21:19:18Z" duration-ms="10969" status="PASS">
          <reporter-output>
          </reporter-output>
        </test-method> <!-- LoginFailureTest -->
        <test-method is-config="true" signature="TearDown()[pri:0, instance:testcases.LoginTest1@291caca8]" started-at="2024-01-03T21:19:18Z" name="TearDown" finished-at="2024-01-03T21:19:19Z" duration-ms="185" status="PASS">
          <reporter-output>
          </reporter-output>
        </test-method> <!-- TearDown -->
        <test-method is-config="true" signature="SetUp()[pri:0, instance:testcases.LoginTest1@291caca8]" started-at="2024-01-03T21:19:19Z" name="SetUp" finished-at="2024-01-03T21:19:21Z" duration-ms="2128" status="PASS">
          <reporter-output>
          </reporter-output>
        </test-method> <!-- SetUp -->
        <test-method signature="LoginSuccessTest()[pri:0, instance:testcases.LoginTest1@291caca8]" started-at="2024-01-03T21:19:21Z" name="LoginSuccessTest" finished-at="2024-01-03T21:19:34Z" duration-ms="13083" status="PASS">
          <reporter-output>
          </reporter-output>
        </test-method> <!-- LoginSuccessTest -->
        <test-method is-config="true" signature="TearDown()[pri:0, instance:testcases.LoginTest1@291caca8]" started-at="2024-01-03T21:19:34Z" name="TearDown" finished-at="2024-01-03T21:19:34Z" duration-ms="169" status="PASS">
          <reporter-output>
          </reporter-output>
        </test-method> <!-- TearDown -->
      </class> <!-- testcases.LoginTest1 -->
    </test> <!-- Test -->
  </suite> <!-- Suite -->
</testng-results>
