<?xml version="1.0" encoding="UTF-8"?>
<testng-results ignored="0" total="2" passed="2" failed="0" skipped="0">
  <reporter-output>
  </reporter-output>
  <suite started-at="2024-01-04T18:57:50Z" name="Default suite" finished-at="2024-01-04T18:58:24Z" duration-ms="33319">
    <groups>
    </groups>
    <test started-at="2024-01-04T18:57:50Z" name="Default test" finished-at="2024-01-04T18:58:24Z" duration-ms="33319">
      <class name="testcases.LoginTest1">
        <test-method is-config="true" signature="SetUp()[pri:0, instance:testcases.LoginTest1@1583741e]" started-at="2024-01-04T18:57:50Z" name="SetUp" finished-at="2024-01-04T18:57:56Z" duration-ms="5704" status="PASS">
          <reporter-output>
          </reporter-output>
        </test-method> <!-- SetUp -->
        <test-method signature="LoginFailureTest()[pri:0, instance:testcases.LoginTest1@1583741e]" started-at="2024-01-04T18:57:56Z" name="LoginFailureTest" finished-at="2024-01-04T18:58:10Z" duration-ms="13861" status="PASS">
          <reporter-output>
          </reporter-output>
        </test-method> <!-- LoginFailureTest -->
        <test-method is-config="true" signature="TearDown()[pri:0, instance:testcases.LoginTest1@1583741e]" started-at="2024-01-04T18:58:10Z" name="TearDown" finished-at="2024-01-04T18:58:10Z" duration-ms="180" status="PASS">
          <reporter-output>
          </reporter-output>
        </test-method> <!-- TearDown -->
        <test-method is-config="true" signature="SetUp()[pri:0, instance:testcases.LoginTest1@1583741e]" started-at="2024-01-04T18:58:10Z" name="SetUp" finished-at="2024-01-04T18:58:13Z" duration-ms="2516" status="PASS">
          <reporter-output>
          </reporter-output>
        </test-method> <!-- SetUp -->
        <test-method signature="LoginSuccessTest()[pri:0, instance:testcases.LoginTest1@1583741e]" started-at="2024-01-04T18:58:13Z" name="LoginSuccessTest" finished-at="2024-01-04T18:58:24Z" duration-ms="10844" status="PASS">
          <reporter-output>
          </reporter-output>
        </test-method> <!-- LoginSuccessTest -->
        <test-method is-config="true" signature="TearDown()[pri:0, instance:testcases.LoginTest1@1583741e]" started-at="2024-01-04T18:58:24Z" name="TearDown" finished-at="2024-01-04T18:58:24Z" duration-ms="181" status="PASS">
          <reporter-output>
          </reporter-output>
        </test-method> <!-- TearDown -->
      </class> <!-- testcases.LoginTest1 -->
    </test> <!-- Default test -->
  </suite> <!-- Default suite -->
</testng-results>
